<?xml version="1.0" encoding="UTF-8"?>
<!-- Generated by org.testng.reporters.JUnitReportReporter -->
<testsuite hostname="Surabhis-MacBook-Pro-G0131.local" name="UnreadMessageFilter.UnreadMessageFilter" tests="1" failures="0" timestamp="27 Aug 2021 13:35:04 GMT" time="29.894" errors="0">
  <testcase name="TC_EL_001" time="29.894" classname="UnreadMessageFilter.UnreadMessageFilter"/>
</testsuite> <!-- UnreadMessageFilter.UnreadMessageFilter -->
