<?xml version="1.0" encoding="UTF-8"?>
<!-- Generated by org.testng.reporters.JUnitReportReporter -->
<testsuite hostname="Surabhis-MacBook-Pro.local" name="regressioncases.loginLogout" tests="1" failures="0" timestamp="5 Jun 2021 13:16:06 GMT" time="26.316" errors="0">
  <testcase name="TC_EL_001" time="26.316" classname="regressioncases.loginLogout"/>
</testsuite> <!-- regressioncases.loginLogout -->
