<?xml version="1.0" encoding="UTF-8"?>
<!-- Generated by org.testng.reporters.JUnitReportReporter -->
<testsuite hostname="Surabhis-MacBook-Pro.local" name="testscenarios.EndLinkTestCases" tests="1" failures="0" timestamp="5 Jun 2021 14:35:07 GMT" time="24256.828" errors="0">
  <testcase name="TC_EL_002" time="24256.828" classname="testscenarios.EndLinkTestCases"/>
</testsuite> <!-- testscenarios.EndLinkTestCases -->
