<?xml version="1.0" encoding="UTF-8"?>
<!-- Generated by org.testng.reporters.JUnitReportReporter -->
<testsuite hostname="Surabhis-MacBook-Pro.local" name="regressioncases.EndLinkTestCases" tests="1" failures="0" timestamp="5 Jun 2021 13:03:25 GMT" time="38.554" errors="0">
  <testcase name="TC_EL_002" time="38.554" classname="regressioncases.EndLinkTestCases"/>
</testsuite> <!-- regressioncases.EndLinkTestCases -->
