<?xml version="1.0" encoding="UTF-8"?>
<!-- Generated by org.testng.reporters.JUnitReportReporter -->
<testsuite hostname="Surabhi-Suman-G0131s-MacBook-Pro.local" name="testsuite.RegressionTestCases" tests="1" failures="0" timestamp="16 Jun 2022 12:01:08 GMT" time="23.319" errors="0">
  <testcase name="TC_EL_001" time="23.319" classname="testsuite.RegressionTestCases"/>
</testsuite> <!-- testsuite.RegressionTestCases -->
