<?xml version="1.0" encoding="UTF-8"?>
<!-- Generated by org.testng.reporters.JUnitReportReporter -->
<testsuite hostname="Surabhi-Suman-G0131s-MacBook-Pro.local" name="testsuite.RegressionTestCases" tests="23" failures="0" timestamp="28 Mar 2023 13:08:56 GMT" time="1240.901" errors="0">
  <testcase name="TC_EL_019" time="37.899" classname="testsuite.RegressionTestCases"/>
  <testcase name="TC_EL_025" time="33.987" classname="testsuite.RegressionTestCases"/>
  <testcase name="TC_EL_008" time="29.373" classname="testsuite.RegressionTestCases"/>
  <testcase name="TC_EL_009" time="35.101" classname="testsuite.RegressionTestCases"/>
  <testcase name="TC_EL_017" time="39.833" classname="testsuite.RegressionTestCases"/>
  <testcase name="TC_EL_002" time="200.041" classname="testsuite.RegressionTestCases"/>
  <testcase name="TC_EL_012" time="28.139" classname="testsuite.RegressionTestCases"/>
  <testcase name="TC_EL_016" time="112.139" classname="testsuite.RegressionTestCases"/>
  <testcase name="TC_EL_005" time="28.381" classname="testsuite.RegressionTestCases"/>
  <testcase name="TC_EL_015" time="72.845" classname="testsuite.RegressionTestCases"/>
  <testcase name="TC_EL_014" time="86.696" classname="testsuite.RegressionTestCases"/>
  <testcase name="TC_EL_006" time="87.898" classname="testsuite.RegressionTestCases"/>
  <testcase name="TC_EL_004" time="62.792" classname="testsuite.RegressionTestCases"/>
  <testcase name="TC_EL_020" time="36.631" classname="testsuite.RegressionTestCases"/>
  <testcase name="TC_EL_030" time="34.426" classname="testsuite.RegressionTestCases"/>
  <testcase name="TC_EL_021" time="31.308" classname="testsuite.RegressionTestCases"/>
  <testcase name="TC_EL_029" time="29.971" classname="testsuite.RegressionTestCases"/>
  <testcase name="TC_EL_031" time="48.717" classname="testsuite.RegressionTestCases"/>
  <testcase name="TC_EL_024" time="35.081" classname="testsuite.RegressionTestCases"/>
  <testcase name="TC_EL_001" time="28.064" classname="testsuite.RegressionTestCases"/>
  <testcase name="TC_EL_003" time="74.911" classname="testsuite.RegressionTestCases"/>
  <testcase name="TC_EL_011" time="23.674" classname="testsuite.RegressionTestCases"/>
  <testcase name="TC_EL_033" time="42.994" classname="testsuite.RegressionTestCases"/>
</testsuite> <!-- testsuite.RegressionTestCases -->
